<?xml version="1.0" encoding="UTF-8"?>
<!-- Generated by org.testng.reporters.JUnitReportReporter -->
<testsuite skipped="0" hostname="LAPTOP-C7INS5QD" name="ooredoo.automation.uat.Testclass" tests="1" failures="0" timestamp="15 Mar 2021 10:32:03 GMT" time="0.008" errors="0">
  <testcase name="teststts" time="0.008" classname="ooredoo.automation.uat.Testclass"/>
</testsuite> <!-- ooredoo.automation.uat.Testclass -->
