<?xml version="1.0" encoding="UTF-8"?>
<!-- Generated by org.testng.reporters.JUnitReportReporter -->
<testsuite skipped="0" hostname="LAPTOP-C7INS5QD" name="ooredoo.automation.uat.AutomationMain" tests="2" failures="0" timestamp="21 Mar 2021 11:48:30 GMT" time="50.867" errors="0">
  <testcase name="RunTestCases" time="21.482" classname="ooredoo.automation.uat.AutomationMain"/>
  <testcase name="RunTestCases" time="29.385" classname="ooredoo.automation.uat.AutomationMain"/>
</testsuite> <!-- ooredoo.automation.uat.AutomationMain -->
